[0;34m[1Panel 2026-02-05 01:18:04 install Log]: ======================= å¼€å§‹å®‰è£… ======================= [0m
[0;34m[1Panel 2026-02-05 01:18:13 install Log]: æ‚¨é€‰æ‹©çš„å®‰è£…è·¯å¾„æ˜¯ /panel [0m
[0;32m[1Panel 2026-02-05 01:18:13 install Log]: Docker æœåŠ¡å·²æˆåŠŸé‡å¯ã€‚ [0m
[0;34m[1Panel 2026-02-05 01:18:18 install Log]: æ‚¨è®¾ç½®çš„ç«¯å£æ˜¯:  11451 [0m
[0;34m[1Panel 2026-02-05 01:18:34 install Log]: æ‚¨è®¾ç½®çš„é¢æ¿å®‰å…¨å…¥å£æ˜¯ codespace [0m
[0;34m[1Panel 2026-02-05 01:18:40 install Log]: æ‚¨è®¾ç½®çš„é¢æ¿ç”¨æˆ·æ˜¯ code [0m
[0;34m[1Panel 2026-02-05 01:18:40 install Log]: è®¾ç½® 1Panel é¢æ¿å¯†ç ï¼Œè®¾ç½®åæŒ‰å›è½¦é”®ç»§ç»­ (é»˜è®¤æ˜¯ ee2b3cfc53):  [0m
[0;34m[1Panel 2026-02-05 01:18:48 install Log]: æ­£åœ¨é…ç½® 1Panel æœåŠ¡ [0m

"systemd" is not running in this container due to its overhead.
Use the "service" command to start services instead. e.g.: 

service --status-all
[0;34m[1Panel 2026-02-05 01:18:48 install Log]: æ­£åœ¨å¯åŠ¨ 1Panel æœåŠ¡ [0m

"systemd" is not running in this container due to its overhead.
Use the "service" command to start services instead. e.g.: 

service --status-all

"systemd" is not running in this container due to its overhead.
Use the "service" command to start services instead. e.g.: 

service --status-all
[0;34m[1Panel 2026-02-05 01:18:48 install Log]: æœåŠ¡å¯åŠ¨å¤±è´¥ï¼Œé‡è¯•ä¸­... [0m
[0;34m[1Panel 2026-02-05 01:18:50 install Log]: æœåŠ¡å¯åŠ¨å¤±è´¥ï¼Œé‡è¯•ä¸­... [0m
[0;34m[1Panel 2026-02-05 01:18:52 install Log]: æœåŠ¡å¯åŠ¨å¤±è´¥ï¼Œé‡è¯•ä¸­... [0m
[0;34m[1Panel 2026-02-05 01:18:54 install Log]: æœåŠ¡å¯åŠ¨å¤±è´¥ï¼Œé‡è¯•ä¸­... [0m
[0;34m[1Panel 2026-02-05 01:18:56 install Log]: å¯åŠ¨ 1Panel æœåŠ¡æ—¶å‡ºé”™ï¼ [0m
